<?xml version="1.0" encoding="UTF-8"?>
<coverage generated="1683395382490" clover="3.2.0">
  <project timestamp="1683395382490" name="All files">
    <metrics statements="12" coveredstatements="10" conditionals="2" coveredconditionals="2" methods="1" coveredmethods="0" elements="15" coveredelements="12" complexity="0" loc="12" ncloc="12" packages="1" files="1" classes="1"/>
    <file name="app.js" path="/Users/ahmadoudia/code/js-projects/text-analyzer/app.js">
      <metrics statements="12" coveredstatements="10" conditionals="2" coveredconditionals="2" methods="1" coveredmethods="0"/>
      <line num="1" count="1" type="cond" truecount="1" falsecount="0"/>
      <line num="2" count="1" type="stmt"/>
      <line num="3" count="1" type="stmt"/>
      <line num="4" count="1" type="stmt"/>
      <line num="5" count="0" type="stmt"/>
      <line num="6" count="1" type="stmt"/>
      <line num="7" count="1" type="stmt"/>
      <line num="8" count="0" type="stmt"/>
      <line num="9" count="1" type="stmt"/>
      <line num="10" count="1" type="cond" truecount="1" falsecount="0"/>
      <line num="11" count="1" type="stmt"/>
      <line num="12" count="1" type="stmt"/>
    </file>
  </project>
</coverage>
